<?xml version="1.0" encoding="UTF-8"?>
<!-- Generated by org.testng.reporters.JUnitXMLReporter -->
<testsuite ignored="0" hostname="JCI-MH68" failures="0" tests="6" name="Surefire test" time="51.854" errors="0" timestamp="2023-06-26T17:40:40 IST">
  <testcase classname="com.csm.qa.test.HomePageTest" name="clickOnCMSModule" time="1.337"/>
  <testcase classname="com.csm.qa.test.HomePageTest" name="clickonIDC" time="2.979"/>
  <testcase classname="com.csm.qa.test.LoginPageTest" name="LoginWithValidCredentials" time="10.659"/>
  <testcase classname="com.csm.qa.test.LoginPageTest" name="Test4" time="0.046"/>
  <testcase classname="com.csm.qa.test.LoginPageTest" name="Test5" time="10.005"/>
  <testcase classname="com.csm.qa.test.LoginPageTest" name="Test6" time="8.842"/>
</testsuite> <!-- Surefire test -->
