<?xml version="1.0" encoding="UTF-8"?>
<!-- Generated by org.testng.reporters.JUnitXMLReporter -->
<testsuite ignored="0" hostname="JCI-MH68" failures="0" tests="6" name="Default test" time="53.273" errors="0" timestamp="2023-06-26T17:39:17 IST">
  <testcase classname="com.csm.qa.test.LoginPageTest" name="LoginWithValidCredentials" time="13.401"/>
  <testcase classname="com.csm.qa.test.LoginPageTest" name="Test4" time="0.043"/>
  <testcase classname="com.csm.qa.test.LoginPageTest" name="Test5" time="9.371"/>
  <testcase classname="com.csm.qa.test.LoginPageTest" name="Test6" time="8.987"/>
  <testcase classname="com.csm.qa.test.HomePageTest" name="clickOnCMSModule" time="1.411"/>
  <testcase classname="com.csm.qa.test.HomePageTest" name="clickonIDC" time="2.942"/>
</testsuite> <!-- Default test -->
