<?xml version="1.0" encoding="UTF-8"?>
<testng-results ignored="0" total="6" passed="6" failed="0" skipped="0">
  <reporter-output>
  </reporter-output>
  <suite started-at="2023-06-26T17:39:48 IST" name="Surefire suite" finished-at="2023-06-26T17:40:40 IST" duration-ms="51854">
    <groups>
    </groups>
    <test started-at="2023-06-26T17:39:48 IST" name="Surefire test" finished-at="2023-06-26T17:40:40 IST" duration-ms="51854">
      <class name="com.csm.qa.test.LoginPageTest">
        <test-method is-config="true" signature="startReport()[pri:0, instance:com.csm.qa.test.LoginPageTest@75c072cb]" started-at="2023-06-26T17:39:48 IST" name="startReport" finished-at="2023-06-26T17:39:48 IST" duration-ms="165" status="PASS">
          <reporter-output>
          </reporter-output>
        </test-method> <!-- startReport -->
        <test-method signature="LoginWithValidCredentials()[pri:1, instance:com.csm.qa.test.LoginPageTest@75c072cb]" started-at="2023-06-26T17:40:10 IST" name="LoginWithValidCredentials" finished-at="2023-06-26T17:40:21 IST" duration-ms="10659" status="PASS">
          <reporter-output>
          </reporter-output>
        </test-method> <!-- LoginWithValidCredentials -->
        <test-method is-config="true" signature="getResult(org.testng.ITestResult)[pri:0, instance:com.csm.qa.test.LoginPageTest@75c072cb]" started-at="2023-06-26T17:40:21 IST" name="getResult" finished-at="2023-06-26T17:40:21 IST" duration-ms="3" status="PASS">
          <params>
            <param index="0">
              <value>
                <![CDATA[[TestResult name=LoginWithValidCredentials status=SUCCESS method=LoginPageTest.LoginWithValidCredentials()[pri:1, instance:com.csm.qa.test.LoginPageTest@75c072cb] output={null}]]]>
              </value>
            </param>
          </params>
          <reporter-output>
          </reporter-output>
        </test-method> <!-- getResult -->
        <test-method signature="Test4()[pri:4, instance:com.csm.qa.test.LoginPageTest@75c072cb]" started-at="2023-06-26T17:40:21 IST" name="Test4" finished-at="2023-06-26T17:40:21 IST" duration-ms="46" status="PASS">
          <reporter-output>
          </reporter-output>
        </test-method> <!-- Test4 -->
        <test-method is-config="true" signature="getResult(org.testng.ITestResult)[pri:0, instance:com.csm.qa.test.LoginPageTest@75c072cb]" started-at="2023-06-26T17:40:21 IST" name="getResult" finished-at="2023-06-26T17:40:21 IST" duration-ms="1" status="PASS">
          <params>
            <param index="0">
              <value>
                <![CDATA[[TestResult name=Test4 status=SUCCESS method=LoginPageTest.Test4()[pri:4, instance:com.csm.qa.test.LoginPageTest@75c072cb] output={null}]]]>
              </value>
            </param>
          </params>
          <reporter-output>
          </reporter-output>
        </test-method> <!-- getResult -->
        <test-method signature="Test5()[pri:5, instance:com.csm.qa.test.LoginPageTest@75c072cb]" started-at="2023-06-26T17:40:21 IST" name="Test5" finished-at="2023-06-26T17:40:31 IST" duration-ms="10005" status="PASS">
          <reporter-output>
          </reporter-output>
        </test-method> <!-- Test5 -->
        <test-method is-config="true" signature="getResult(org.testng.ITestResult)[pri:0, instance:com.csm.qa.test.LoginPageTest@75c072cb]" started-at="2023-06-26T17:40:31 IST" name="getResult" finished-at="2023-06-26T17:40:31 IST" duration-ms="1" status="PASS">
          <params>
            <param index="0">
              <value>
                <![CDATA[[TestResult name=Test5 status=SUCCESS method=LoginPageTest.Test5()[pri:5, instance:com.csm.qa.test.LoginPageTest@75c072cb] output={null}]]]>
              </value>
            </param>
          </params>
          <reporter-output>
          </reporter-output>
        </test-method> <!-- getResult -->
        <test-method signature="Test6()[pri:6, instance:com.csm.qa.test.LoginPageTest@75c072cb]" started-at="2023-06-26T17:40:31 IST" name="Test6" finished-at="2023-06-26T17:40:40 IST" duration-ms="8842" status="PASS">
          <reporter-output>
          </reporter-output>
        </test-method> <!-- Test6 -->
        <test-method is-config="true" signature="getResult(org.testng.ITestResult)[pri:0, instance:com.csm.qa.test.LoginPageTest@75c072cb]" started-at="2023-06-26T17:40:40 IST" name="getResult" finished-at="2023-06-26T17:40:40 IST" duration-ms="0" status="PASS">
          <params>
            <param index="0">
              <value>
                <![CDATA[[TestResult name=Test6 status=SUCCESS method=LoginPageTest.Test6()[pri:6, instance:com.csm.qa.test.LoginPageTest@75c072cb] output={null}]]]>
              </value>
            </param>
          </params>
          <reporter-output>
          </reporter-output>
        </test-method> <!-- getResult -->
        <test-method is-config="true" signature="endReport()[pri:0, instance:com.csm.qa.test.LoginPageTest@75c072cb]" started-at="2023-06-26T17:40:40 IST" name="endReport" finished-at="2023-06-26T17:40:40 IST" duration-ms="164" status="PASS">
          <reporter-output>
          </reporter-output>
        </test-method> <!-- endReport -->
      </class> <!-- com.csm.qa.test.LoginPageTest -->
      <class name="com.csm.qa.test.HomePageTest">
        <test-method is-config="true" signature="setup()[pri:0, instance:com.csm.qa.test.HomePageTest@77e9807f]" started-at="2023-06-26T17:39:48 IST" name="setup" finished-at="2023-06-26T17:39:58 IST" duration-ms="9453" status="PASS">
          <reporter-output>
          </reporter-output>
        </test-method> <!-- setup -->
        <test-method signature="clickOnCMSModule()[pri:2, instance:com.csm.qa.test.HomePageTest@77e9807f]" started-at="2023-06-26T17:39:58 IST" name="clickOnCMSModule" finished-at="2023-06-26T17:39:59 IST" duration-ms="1337" status="PASS">
          <reporter-output>
          </reporter-output>
        </test-method> <!-- clickOnCMSModule -->
        <test-method is-config="true" signature="setup()[pri:0, instance:com.csm.qa.test.HomePageTest@77e9807f]" started-at="2023-06-26T17:39:59 IST" name="setup" finished-at="2023-06-26T17:40:07 IST" duration-ms="8168" status="PASS">
          <reporter-output>
          </reporter-output>
        </test-method> <!-- setup -->
        <test-method signature="clickonIDC()[pri:3, instance:com.csm.qa.test.HomePageTest@77e9807f]" started-at="2023-06-26T17:40:07 IST" name="clickonIDC" finished-at="2023-06-26T17:40:10 IST" duration-ms="2979" status="PASS">
          <reporter-output>
          </reporter-output>
        </test-method> <!-- clickonIDC -->
      </class> <!-- com.csm.qa.test.HomePageTest -->
    </test> <!-- Surefire test -->
  </suite> <!-- Surefire suite -->
</testng-results>
