<?xml version="1.0" encoding="UTF-8"?>
<testng-results ignored="0" total="6" passed="6" failed="0" skipped="0">
  <reporter-output>
  </reporter-output>
  <suite started-at="2023-06-26T17:38:24 IST" name="Default suite" finished-at="2023-06-26T17:39:17 IST" duration-ms="53273">
    <groups>
    </groups>
    <test started-at="2023-06-26T17:38:24 IST" name="Default test" finished-at="2023-06-26T17:39:17 IST" duration-ms="53273">
      <class name="com.csm.qa.test.LoginPageTest">
        <test-method is-config="true" signature="startReport()[pri:0, instance:com.csm.qa.test.LoginPageTest@55141def]" started-at="2023-06-26T17:38:24 IST" name="startReport" finished-at="2023-06-26T17:38:24 IST" duration-ms="191" status="PASS">
          <reporter-output>
          </reporter-output>
        </test-method> <!-- startReport -->
        <test-method signature="LoginWithValidCredentials()[pri:1, instance:com.csm.qa.test.LoginPageTest@55141def]" started-at="2023-06-26T17:38:24 IST" name="LoginWithValidCredentials" finished-at="2023-06-26T17:38:38 IST" duration-ms="13401" status="PASS">
          <reporter-output>
          </reporter-output>
        </test-method> <!-- LoginWithValidCredentials -->
        <test-method is-config="true" signature="getResult(org.testng.ITestResult)[pri:0, instance:com.csm.qa.test.LoginPageTest@55141def]" started-at="2023-06-26T17:38:38 IST" name="getResult" finished-at="2023-06-26T17:38:38 IST" duration-ms="5" status="PASS">
          <params>
            <param index="0">
              <value>
                <![CDATA[[TestResult name=LoginWithValidCredentials status=SUCCESS method=LoginPageTest.LoginWithValidCredentials()[pri:1, instance:com.csm.qa.test.LoginPageTest@55141def] output={null}]]]>
              </value>
            </param>
          </params>
          <reporter-output>
          </reporter-output>
        </test-method> <!-- getResult -->
        <test-method signature="Test4()[pri:4, instance:com.csm.qa.test.LoginPageTest@55141def]" started-at="2023-06-26T17:38:38 IST" name="Test4" finished-at="2023-06-26T17:38:38 IST" duration-ms="43" status="PASS">
          <reporter-output>
          </reporter-output>
        </test-method> <!-- Test4 -->
        <test-method is-config="true" signature="getResult(org.testng.ITestResult)[pri:0, instance:com.csm.qa.test.LoginPageTest@55141def]" started-at="2023-06-26T17:38:38 IST" name="getResult" finished-at="2023-06-26T17:38:38 IST" duration-ms="0" status="PASS">
          <params>
            <param index="0">
              <value>
                <![CDATA[[TestResult name=Test4 status=SUCCESS method=LoginPageTest.Test4()[pri:4, instance:com.csm.qa.test.LoginPageTest@55141def] output={null}]]]>
              </value>
            </param>
          </params>
          <reporter-output>
          </reporter-output>
        </test-method> <!-- getResult -->
        <test-method signature="Test5()[pri:5, instance:com.csm.qa.test.LoginPageTest@55141def]" started-at="2023-06-26T17:38:38 IST" name="Test5" finished-at="2023-06-26T17:38:47 IST" duration-ms="9371" status="PASS">
          <reporter-output>
          </reporter-output>
        </test-method> <!-- Test5 -->
        <test-method is-config="true" signature="getResult(org.testng.ITestResult)[pri:0, instance:com.csm.qa.test.LoginPageTest@55141def]" started-at="2023-06-26T17:38:47 IST" name="getResult" finished-at="2023-06-26T17:38:47 IST" duration-ms="1" status="PASS">
          <params>
            <param index="0">
              <value>
                <![CDATA[[TestResult name=Test5 status=SUCCESS method=LoginPageTest.Test5()[pri:5, instance:com.csm.qa.test.LoginPageTest@55141def] output={null}]]]>
              </value>
            </param>
          </params>
          <reporter-output>
          </reporter-output>
        </test-method> <!-- getResult -->
        <test-method signature="Test6()[pri:6, instance:com.csm.qa.test.LoginPageTest@55141def]" started-at="2023-06-26T17:38:47 IST" name="Test6" finished-at="2023-06-26T17:38:56 IST" duration-ms="8987" status="PASS">
          <reporter-output>
          </reporter-output>
        </test-method> <!-- Test6 -->
        <test-method is-config="true" signature="getResult(org.testng.ITestResult)[pri:0, instance:com.csm.qa.test.LoginPageTest@55141def]" started-at="2023-06-26T17:38:56 IST" name="getResult" finished-at="2023-06-26T17:38:56 IST" duration-ms="0" status="PASS">
          <params>
            <param index="0">
              <value>
                <![CDATA[[TestResult name=Test6 status=SUCCESS method=LoginPageTest.Test6()[pri:6, instance:com.csm.qa.test.LoginPageTest@55141def] output={null}]]]>
              </value>
            </param>
          </params>
          <reporter-output>
          </reporter-output>
        </test-method> <!-- getResult -->
        <test-method is-config="true" signature="endReport()[pri:0, instance:com.csm.qa.test.LoginPageTest@55141def]" started-at="2023-06-26T17:39:17 IST" name="endReport" finished-at="2023-06-26T17:39:17 IST" duration-ms="173" status="PASS">
          <reporter-output>
          </reporter-output>
        </test-method> <!-- endReport -->
      </class> <!-- com.csm.qa.test.LoginPageTest -->
      <class name="com.csm.qa.test.HomePageTest">
        <test-method is-config="true" signature="setup()[pri:0, instance:com.csm.qa.test.HomePageTest@73a1e9a9]" started-at="2023-06-26T17:38:56 IST" name="setup" finished-at="2023-06-26T17:39:05 IST" duration-ms="8791" status="PASS">
          <reporter-output>
          </reporter-output>
        </test-method> <!-- setup -->
        <test-method signature="clickOnCMSModule()[pri:2, instance:com.csm.qa.test.HomePageTest@73a1e9a9]" started-at="2023-06-26T17:39:05 IST" name="clickOnCMSModule" finished-at="2023-06-26T17:39:06 IST" duration-ms="1411" status="PASS">
          <reporter-output>
          </reporter-output>
        </test-method> <!-- clickOnCMSModule -->
        <test-method is-config="true" signature="setup()[pri:0, instance:com.csm.qa.test.HomePageTest@73a1e9a9]" started-at="2023-06-26T17:39:06 IST" name="setup" finished-at="2023-06-26T17:39:14 IST" duration-ms="7913" status="PASS">
          <reporter-output>
          </reporter-output>
        </test-method> <!-- setup -->
        <test-method signature="clickonIDC()[pri:3, instance:com.csm.qa.test.HomePageTest@73a1e9a9]" started-at="2023-06-26T17:39:14 IST" name="clickonIDC" finished-at="2023-06-26T17:39:17 IST" duration-ms="2942" status="PASS">
          <reporter-output>
          </reporter-output>
        </test-method> <!-- clickonIDC -->
      </class> <!-- com.csm.qa.test.HomePageTest -->
    </test> <!-- Default test -->
  </suite> <!-- Default suite -->
</testng-results>
